TMS320C2000 Assembler PC v16.9.6 Tue Mar 06 18:34:38 2018

Tools Copyright (c) 1996-2017 Texas Instruments Incorporated
C:\Users\Admin\AppData\Local\Temp\{8D003EC8-919A-4D52-91FF-15D39CC48B34} PAGE    1

       1              ;***************************************************************
       2              ;* TMS320C2000 C/C++ Codegen                    PC v16.9.6.LTS *
       3              ;* Date/Time created: Tue Mar 06 18:34:38 2018                 *
       4              ;***************************************************************
       5                      .compiler_opts --abi=coffabi --cla_support=cla0 --diag_wrap=off --float_support=softlib --hll_source=
       6                      .asg    XAR2, FP
       7              
       8              $C$DW$CU        .dwtag  DW_TAG_compile_unit
       9                      .dwattr $C$DW$CU, DW_AT_name("../source/DSP2803x_MemCopy.c")
      10                      .dwattr $C$DW$CU, DW_AT_producer("TI TMS320C2000 C/C++ Codegen PC v16.9.6.LTS Copyright (c) 1996-2017
      11                      .dwattr $C$DW$CU, DW_AT_TI_version(0x01)
      12                      .dwattr $C$DW$CU, DW_AT_comp_dir("C:\Users\Admin\workspace_v7\KT1205_MGI_V7.2_REVC_MASTER_GPRS_180301
      13              ;       C:\ti\ccsv7\tools\compiler\ti-cgt-c2000_16.9.6.LTS\bin\opt2000.exe C:\\Users\\Admin\\AppData\\Local\\
      14              ;       C:\ti\ccsv7\tools\compiler\ti-cgt-c2000_16.9.6.LTS\bin\ac2000.exe -@C:\\Users\\Admin\\AppData\\Local\
      15 00000000               .sect   ".text"
      16                      .clink
      17                      .global _MemCopy
      18              
      19              $C$DW$1 .dwtag  DW_TAG_subprogram
      20                      .dwattr $C$DW$1, DW_AT_name("MemCopy")
      21                      .dwattr $C$DW$1, DW_AT_low_pc(_MemCopy)
      22                      .dwattr $C$DW$1, DW_AT_high_pc(0x00)
      23                      .dwattr $C$DW$1, DW_AT_TI_symbol_name("_MemCopy")
      24                      .dwattr $C$DW$1, DW_AT_external
      25                      .dwattr $C$DW$1, DW_AT_TI_begin_file("../source/DSP2803x_MemCopy.c")
      26                      .dwattr $C$DW$1, DW_AT_TI_begin_line(0x22)
      27                      .dwattr $C$DW$1, DW_AT_TI_begin_column(0x06)
      28                      .dwattr $C$DW$1, DW_AT_TI_max_frame_size(-2)
      29                      .dwpsn  file "../source/DSP2803x_MemCopy.c",line 35,column 1,is_stmt,address _MemCopy,isa 0
      30              
      31                      .dwfde $C$DW$CIE, _MemCopy
      32              $C$DW$2 .dwtag  DW_TAG_formal_parameter
      33                      .dwattr $C$DW$2, DW_AT_name("SourceAddr")
      34                      .dwattr $C$DW$2, DW_AT_TI_symbol_name("_SourceAddr")
      35                      .dwattr $C$DW$2, DW_AT_type(*$C$DW$T$20)
      36                      .dwattr $C$DW$2, DW_AT_location[DW_OP_reg12]
      37              
      38              $C$DW$3 .dwtag  DW_TAG_formal_parameter
      39                      .dwattr $C$DW$3, DW_AT_name("SourceEndAddr")
      40                      .dwattr $C$DW$3, DW_AT_TI_symbol_name("_SourceEndAddr")
      41                      .dwattr $C$DW$3, DW_AT_type(*$C$DW$T$20)
      42                      .dwattr $C$DW$3, DW_AT_location[DW_OP_reg14]
      43              
      44              $C$DW$4 .dwtag  DW_TAG_formal_parameter
      45                      .dwattr $C$DW$4, DW_AT_name("DestAddr")
      46                      .dwattr $C$DW$4, DW_AT_TI_symbol_name("_DestAddr")
      47                      .dwattr $C$DW$4, DW_AT_type(*$C$DW$T$20)
      48                      .dwattr $C$DW$4, DW_AT_location[DW_OP_breg20 -4]
      49              
      50              
      51              ;***************************************************************
      52              ;* FNAME: _MemCopy                      FR SIZE:   0           *
      53              ;*                                                             *
      54              ;* FUNCTION ENVIRONMENT                                        *
      55              ;*                                                             *
TMS320C2000 Assembler PC v16.9.6 Tue Mar 06 18:34:38 2018

Tools Copyright (c) 1996-2017 Texas Instruments Incorporated
C:\Users\Admin\AppData\Local\Temp\{8D003EC8-919A-4D52-91FF-15D39CC48B34} PAGE    2

      56              ;* FUNCTION PROPERTIES                                         *
      57              ;*                            0 Parameter,  0 Auto,  0 SOE     *
      58              ;***************************************************************
      59              
      60              _MemCopy:
      61              ;* AR4   assigned to $O$L1
      62              ;* AR7   assigned to _SourceAddr
      63              $C$DW$5 .dwtag  DW_TAG_variable
      64                      .dwattr $C$DW$5, DW_AT_name("SourceAddr")
      65                      .dwattr $C$DW$5, DW_AT_TI_symbol_name("_SourceAddr")
      66                      .dwattr $C$DW$5, DW_AT_type(*$C$DW$T$20)
      67                      .dwattr $C$DW$5, DW_AT_location[DW_OP_reg18]
      68              
      69              ;* AL    assigned to _SourceEndAddr
      70              $C$DW$6 .dwtag  DW_TAG_variable
      71                      .dwattr $C$DW$6, DW_AT_name("SourceEndAddr")
      72                      .dwattr $C$DW$6, DW_AT_TI_symbol_name("_SourceEndAddr")
      73                      .dwattr $C$DW$6, DW_AT_type(*$C$DW$T$22)
      74                      .dwattr $C$DW$6, DW_AT_location[DW_OP_reg0]
      75              
      76              ;* AR5   assigned to _DestAddr
      77              $C$DW$7 .dwtag  DW_TAG_variable
      78                      .dwattr $C$DW$7, DW_AT_name("DestAddr")
      79                      .dwattr $C$DW$7, DW_AT_TI_symbol_name("_DestAddr")
      80                      .dwattr $C$DW$7, DW_AT_type(*$C$DW$T$20)
      81                      .dwattr $C$DW$7, DW_AT_location[DW_OP_reg14]
      82              
      83                      .dwcfi  cfa_offset, -2
      84                      .dwcfi  save_reg_to_mem, 26, 0
      85 00000000 C5A4          MOVL      XAR7,XAR4             ; [CPU_] |35| 
      86 00000001 A0A9          MOVL      ACC,XAR5              ; [CPU_] |35| 
      87 00000002 8344          MOVL      XAR5,*-SP[4]          ; [CPU_] |35| 
      88                      .dwpsn  file "../source/DSP2803x_MemCopy.c",line 36,column 11,is_stmt,isa 0
      89 00000003 0FA7          CMPL      ACC,XAR7              ; [CPU_] |36| 
      90 00000004 690B          B         $C$L2,LOS             ; [CPU_] |36| 
      91                      ; branchcc occurs ; [] |36| 
      92 00000005 03A7          SUBL      ACC,XAR7              ; [CPU_] 
      93 00000006 1901          SUBB      ACC,#1                ; [CPU_] 
      94 00000007 8AA9          MOVL      XAR4,ACC              ; [CPU_] 
      95 00000008       $C$L1:    
      96 00000008 0200          MOVB      ACC,#0                ; [CPU_] |36| 
      97                      .dwpsn  file "../source/DSP2803x_MemCopy.c",line 38,column 8,is_stmt,isa 0
      98 00000009 2485          PREAD     *XAR5++,*XAR7         ; [CPU_] |38| 
      99                      .dwpsn  file "../source/DSP2803x_MemCopy.c",line 36,column 11,is_stmt,isa 0
     100 0000000a DC81          SUBB      XAR4,#1               ; [CPU_] |36| 
     101 0000000b 1901          SUBB      ACC,#1                ; [CPU_] |36| 
     102                      .dwpsn  file "../source/DSP2803x_MemCopy.c",line 38,column 8,is_stmt,isa 0
     103 0000000c DF01          ADDB      XAR7,#1               ; [CPU_] |38| 
     104                      .dwpsn  file "../source/DSP2803x_MemCopy.c",line 36,column 11,is_stmt,isa 0
     105 0000000d 0FA4          CMPL      ACC,XAR4              ; [CPU_] |36| 
     106 0000000e 60FA          B         $C$L1,NEQ             ; [CPU_] |36| 
     107                      ; branchcc occurs ; [] |36| 
     108              $C$L2:    
     109              $C$DW$8 .dwtag  DW_TAG_TI_branch
     110                      .dwattr $C$DW$8, DW_AT_low_pc(0x00)
TMS320C2000 Assembler PC v16.9.6 Tue Mar 06 18:34:38 2018

Tools Copyright (c) 1996-2017 Texas Instruments Incorporated
C:\Users\Admin\AppData\Local\Temp\{8D003EC8-919A-4D52-91FF-15D39CC48B34} PAGE    3

     111                      .dwattr $C$DW$8, DW_AT_TI_return
     112              
     113 0000000f 0006          LRETR     ; [CPU_] 
     114                      ; return occurs ; [] 
     115                      .dwattr $C$DW$1, DW_AT_TI_end_file("../source/DSP2803x_MemCopy.c")
     116                      .dwattr $C$DW$1, DW_AT_TI_end_line(0x29)
     117                      .dwattr $C$DW$1, DW_AT_TI_end_column(0x01)
     118                      .dwendentry
     119                      .dwendtag $C$DW$1
     120              
     121              
     122              ;***************************************************************
     123              ;* TYPE INFORMATION                                            *
     124              ;***************************************************************
     125              $C$DW$T$2       .dwtag  DW_TAG_unspecified_type
     126                      .dwattr $C$DW$T$2, DW_AT_name("void")
     127              
     128              $C$DW$T$4       .dwtag  DW_TAG_base_type
     129                      .dwattr $C$DW$T$4, DW_AT_encoding(DW_ATE_boolean)
     130                      .dwattr $C$DW$T$4, DW_AT_name("bool")
     131                      .dwattr $C$DW$T$4, DW_AT_byte_size(0x01)
     132              
     133              $C$DW$T$5       .dwtag  DW_TAG_base_type
     134                      .dwattr $C$DW$T$5, DW_AT_encoding(DW_ATE_signed_char)
     135                      .dwattr $C$DW$T$5, DW_AT_name("signed char")
     136                      .dwattr $C$DW$T$5, DW_AT_byte_size(0x01)
     137              
     138              $C$DW$T$6       .dwtag  DW_TAG_base_type
     139                      .dwattr $C$DW$T$6, DW_AT_encoding(DW_ATE_unsigned_char)
     140                      .dwattr $C$DW$T$6, DW_AT_name("unsigned char")
     141                      .dwattr $C$DW$T$6, DW_AT_byte_size(0x01)
     142              
     143              $C$DW$T$7       .dwtag  DW_TAG_base_type
     144                      .dwattr $C$DW$T$7, DW_AT_encoding(DW_ATE_signed_char)
     145                      .dwattr $C$DW$T$7, DW_AT_name("wchar_t")
     146                      .dwattr $C$DW$T$7, DW_AT_byte_size(0x01)
     147              
     148              $C$DW$T$8       .dwtag  DW_TAG_base_type
     149                      .dwattr $C$DW$T$8, DW_AT_encoding(DW_ATE_signed)
     150                      .dwattr $C$DW$T$8, DW_AT_name("short")
     151                      .dwattr $C$DW$T$8, DW_AT_byte_size(0x01)
     152              
     153              $C$DW$T$9       .dwtag  DW_TAG_base_type
     154                      .dwattr $C$DW$T$9, DW_AT_encoding(DW_ATE_unsigned)
     155                      .dwattr $C$DW$T$9, DW_AT_name("unsigned short")
     156                      .dwattr $C$DW$T$9, DW_AT_byte_size(0x01)
     157              
     158              $C$DW$T$10      .dwtag  DW_TAG_base_type
     159                      .dwattr $C$DW$T$10, DW_AT_encoding(DW_ATE_signed)
     160                      .dwattr $C$DW$T$10, DW_AT_name("int")
     161                      .dwattr $C$DW$T$10, DW_AT_byte_size(0x01)
     162              
     163              $C$DW$T$11      .dwtag  DW_TAG_base_type
     164                      .dwattr $C$DW$T$11, DW_AT_encoding(DW_ATE_unsigned)
     165                      .dwattr $C$DW$T$11, DW_AT_name("unsigned int")
TMS320C2000 Assembler PC v16.9.6 Tue Mar 06 18:34:38 2018

Tools Copyright (c) 1996-2017 Texas Instruments Incorporated
C:\Users\Admin\AppData\Local\Temp\{8D003EC8-919A-4D52-91FF-15D39CC48B34} PAGE    4

     166                      .dwattr $C$DW$T$11, DW_AT_byte_size(0x01)
     167              
     168              $C$DW$T$19      .dwtag  DW_TAG_typedef
     169                      .dwattr $C$DW$T$19, DW_AT_name("Uint16")
     170                      .dwattr $C$DW$T$19, DW_AT_type(*$C$DW$T$11)
     171                      .dwattr $C$DW$T$19, DW_AT_language(DW_LANG_C)
     172              
     173              $C$DW$T$20      .dwtag  DW_TAG_pointer_type
     174                      .dwattr $C$DW$T$20, DW_AT_type(*$C$DW$T$19)
     175                      .dwattr $C$DW$T$20, DW_AT_address_class(0x20)
     176              
     177              $C$DW$9 .dwtag  DW_TAG_TI_far_type
     178                      .dwattr $C$DW$9, DW_AT_type(*$C$DW$T$20)
     179              
     180              $C$DW$T$22      .dwtag  DW_TAG_const_type
     181                      .dwattr $C$DW$T$22, DW_AT_type(*$C$DW$9)
     182              
     183              $C$DW$T$12      .dwtag  DW_TAG_base_type
     184                      .dwattr $C$DW$T$12, DW_AT_encoding(DW_ATE_signed)
     185                      .dwattr $C$DW$T$12, DW_AT_name("long")
     186                      .dwattr $C$DW$T$12, DW_AT_byte_size(0x02)
     187              
     188              $C$DW$T$13      .dwtag  DW_TAG_base_type
     189                      .dwattr $C$DW$T$13, DW_AT_encoding(DW_ATE_unsigned)
     190                      .dwattr $C$DW$T$13, DW_AT_name("unsigned long")
     191                      .dwattr $C$DW$T$13, DW_AT_byte_size(0x02)
     192              
     193              $C$DW$T$14      .dwtag  DW_TAG_base_type
     194                      .dwattr $C$DW$T$14, DW_AT_encoding(DW_ATE_signed)
     195                      .dwattr $C$DW$T$14, DW_AT_name("long long")
     196                      .dwattr $C$DW$T$14, DW_AT_byte_size(0x04)
     197              
     198              $C$DW$T$15      .dwtag  DW_TAG_base_type
     199                      .dwattr $C$DW$T$15, DW_AT_encoding(DW_ATE_unsigned)
     200                      .dwattr $C$DW$T$15, DW_AT_name("unsigned long long")
     201                      .dwattr $C$DW$T$15, DW_AT_byte_size(0x04)
     202              
     203              $C$DW$T$16      .dwtag  DW_TAG_base_type
     204                      .dwattr $C$DW$T$16, DW_AT_encoding(DW_ATE_float)
     205                      .dwattr $C$DW$T$16, DW_AT_name("float")
     206                      .dwattr $C$DW$T$16, DW_AT_byte_size(0x02)
     207              
     208              $C$DW$T$17      .dwtag  DW_TAG_base_type
     209                      .dwattr $C$DW$T$17, DW_AT_encoding(DW_ATE_float)
     210                      .dwattr $C$DW$T$17, DW_AT_name("double")
     211                      .dwattr $C$DW$T$17, DW_AT_byte_size(0x02)
     212              
     213              $C$DW$T$18      .dwtag  DW_TAG_base_type
     214                      .dwattr $C$DW$T$18, DW_AT_encoding(DW_ATE_float)
     215                      .dwattr $C$DW$T$18, DW_AT_name("long double")
     216                      .dwattr $C$DW$T$18, DW_AT_byte_size(0x04)
     217              
     218                      .dwattr $C$DW$CU, DW_AT_language(DW_LANG_C)
     219              
     220              ;***************************************************************
TMS320C2000 Assembler PC v16.9.6 Tue Mar 06 18:34:38 2018

Tools Copyright (c) 1996-2017 Texas Instruments Incorporated
C:\Users\Admin\AppData\Local\Temp\{8D003EC8-919A-4D52-91FF-15D39CC48B34} PAGE    5

     221              ;* DWARF CIE ENTRIES                                           *
     222              ;***************************************************************
     223              
     224              $C$DW$CIE       .dwcie 26
     225                      .dwcfi  cfa_register, 20
     226                      .dwcfi  cfa_offset, 0
     227                      .dwcfi  same_value, 28
     228                      .dwcfi  same_value, 6
     229                      .dwcfi  same_value, 7
     230                      .dwcfi  same_value, 8
     231                      .dwcfi  same_value, 9
     232                      .dwcfi  same_value, 10
     233                      .dwcfi  same_value, 11
     234                      .dwendentry
     235              
     236              ;***************************************************************
     237              ;* DWARF REGISTER MAP                                          *
     238              ;***************************************************************
     239              
     240              $C$DW$10        .dwtag  DW_TAG_TI_assign_register
     241                      .dwattr $C$DW$10, DW_AT_name("AL")
     242                      .dwattr $C$DW$10, DW_AT_location[DW_OP_reg0]
     243              
     244              $C$DW$11        .dwtag  DW_TAG_TI_assign_register
     245                      .dwattr $C$DW$11, DW_AT_name("AH")
     246                      .dwattr $C$DW$11, DW_AT_location[DW_OP_reg1]
     247              
     248              $C$DW$12        .dwtag  DW_TAG_TI_assign_register
     249                      .dwattr $C$DW$12, DW_AT_name("PL")
     250                      .dwattr $C$DW$12, DW_AT_location[DW_OP_reg2]
     251              
     252              $C$DW$13        .dwtag  DW_TAG_TI_assign_register
     253                      .dwattr $C$DW$13, DW_AT_name("PH")
     254                      .dwattr $C$DW$13, DW_AT_location[DW_OP_reg3]
     255              
     256              $C$DW$14        .dwtag  DW_TAG_TI_assign_register
     257                      .dwattr $C$DW$14, DW_AT_name("SP")
     258                      .dwattr $C$DW$14, DW_AT_location[DW_OP_reg20]
     259              
     260              $C$DW$15        .dwtag  DW_TAG_TI_assign_register
     261                      .dwattr $C$DW$15, DW_AT_name("XT")
     262                      .dwattr $C$DW$15, DW_AT_location[DW_OP_reg21]
     263              
     264              $C$DW$16        .dwtag  DW_TAG_TI_assign_register
     265                      .dwattr $C$DW$16, DW_AT_name("T")
     266                      .dwattr $C$DW$16, DW_AT_location[DW_OP_reg22]
     267              
     268              $C$DW$17        .dwtag  DW_TAG_TI_assign_register
     269                      .dwattr $C$DW$17, DW_AT_name("ST0")
     270                      .dwattr $C$DW$17, DW_AT_location[DW_OP_reg23]
     271              
     272              $C$DW$18        .dwtag  DW_TAG_TI_assign_register
     273                      .dwattr $C$DW$18, DW_AT_name("ST1")
     274                      .dwattr $C$DW$18, DW_AT_location[DW_OP_reg24]
     275              
TMS320C2000 Assembler PC v16.9.6 Tue Mar 06 18:34:38 2018

Tools Copyright (c) 1996-2017 Texas Instruments Incorporated
C:\Users\Admin\AppData\Local\Temp\{8D003EC8-919A-4D52-91FF-15D39CC48B34} PAGE    6

     276              $C$DW$19        .dwtag  DW_TAG_TI_assign_register
     277                      .dwattr $C$DW$19, DW_AT_name("PC")
     278                      .dwattr $C$DW$19, DW_AT_location[DW_OP_reg25]
     279              
     280              $C$DW$20        .dwtag  DW_TAG_TI_assign_register
     281                      .dwattr $C$DW$20, DW_AT_name("RPC")
     282                      .dwattr $C$DW$20, DW_AT_location[DW_OP_reg26]
     283              
     284              $C$DW$21        .dwtag  DW_TAG_TI_assign_register
     285                      .dwattr $C$DW$21, DW_AT_name("FP")
     286                      .dwattr $C$DW$21, DW_AT_location[DW_OP_reg28]
     287              
     288              $C$DW$22        .dwtag  DW_TAG_TI_assign_register
     289                      .dwattr $C$DW$22, DW_AT_name("DP")
     290                      .dwattr $C$DW$22, DW_AT_location[DW_OP_reg29]
     291              
     292              $C$DW$23        .dwtag  DW_TAG_TI_assign_register
     293                      .dwattr $C$DW$23, DW_AT_name("SXM")
     294                      .dwattr $C$DW$23, DW_AT_location[DW_OP_reg30]
     295              
     296              $C$DW$24        .dwtag  DW_TAG_TI_assign_register
     297                      .dwattr $C$DW$24, DW_AT_name("PM")
     298                      .dwattr $C$DW$24, DW_AT_location[DW_OP_reg31]
     299              
     300              $C$DW$25        .dwtag  DW_TAG_TI_assign_register
     301                      .dwattr $C$DW$25, DW_AT_name("OVM")
     302                      .dwattr $C$DW$25, DW_AT_location[DW_OP_regx 0x20]
     303              
     304              $C$DW$26        .dwtag  DW_TAG_TI_assign_register
     305                      .dwattr $C$DW$26, DW_AT_name("PAGE0")
     306                      .dwattr $C$DW$26, DW_AT_location[DW_OP_regx 0x21]
     307              
     308              $C$DW$27        .dwtag  DW_TAG_TI_assign_register
     309                      .dwattr $C$DW$27, DW_AT_name("AMODE")
     310                      .dwattr $C$DW$27, DW_AT_location[DW_OP_regx 0x22]
     311              
     312              $C$DW$28        .dwtag  DW_TAG_TI_assign_register
     313                      .dwattr $C$DW$28, DW_AT_name("INTM")
     314                      .dwattr $C$DW$28, DW_AT_location[DW_OP_regx 0x23]
     315              
     316              $C$DW$29        .dwtag  DW_TAG_TI_assign_register
     317                      .dwattr $C$DW$29, DW_AT_name("IFR")
     318                      .dwattr $C$DW$29, DW_AT_location[DW_OP_regx 0x24]
     319              
     320              $C$DW$30        .dwtag  DW_TAG_TI_assign_register
     321                      .dwattr $C$DW$30, DW_AT_name("IER")
     322                      .dwattr $C$DW$30, DW_AT_location[DW_OP_regx 0x25]
     323              
     324              $C$DW$31        .dwtag  DW_TAG_TI_assign_register
     325                      .dwattr $C$DW$31, DW_AT_name("V")
     326                      .dwattr $C$DW$31, DW_AT_location[DW_OP_regx 0x26]
     327              
     328              $C$DW$32        .dwtag  DW_TAG_TI_assign_register
     329                      .dwattr $C$DW$32, DW_AT_name("PSEUDOH")
     330                      .dwattr $C$DW$32, DW_AT_location[DW_OP_regx 0x4c]
TMS320C2000 Assembler PC v16.9.6 Tue Mar 06 18:34:38 2018

Tools Copyright (c) 1996-2017 Texas Instruments Incorporated
C:\Users\Admin\AppData\Local\Temp\{8D003EC8-919A-4D52-91FF-15D39CC48B34} PAGE    7

     331              
     332              $C$DW$33        .dwtag  DW_TAG_TI_assign_register
     333                      .dwattr $C$DW$33, DW_AT_name("VOL")
     334                      .dwattr $C$DW$33, DW_AT_location[DW_OP_regx 0x4d]
     335              
     336              $C$DW$34        .dwtag  DW_TAG_TI_assign_register
     337                      .dwattr $C$DW$34, DW_AT_name("AR0")
     338                      .dwattr $C$DW$34, DW_AT_location[DW_OP_reg4]
     339              
     340              $C$DW$35        .dwtag  DW_TAG_TI_assign_register
     341                      .dwattr $C$DW$35, DW_AT_name("XAR0")
     342                      .dwattr $C$DW$35, DW_AT_location[DW_OP_reg5]
     343              
     344              $C$DW$36        .dwtag  DW_TAG_TI_assign_register
     345                      .dwattr $C$DW$36, DW_AT_name("AR1")
     346                      .dwattr $C$DW$36, DW_AT_location[DW_OP_reg6]
     347              
     348              $C$DW$37        .dwtag  DW_TAG_TI_assign_register
     349                      .dwattr $C$DW$37, DW_AT_name("XAR1")
     350                      .dwattr $C$DW$37, DW_AT_location[DW_OP_reg7]
     351              
     352              $C$DW$38        .dwtag  DW_TAG_TI_assign_register
     353                      .dwattr $C$DW$38, DW_AT_name("AR2")
     354                      .dwattr $C$DW$38, DW_AT_location[DW_OP_reg8]
     355              
     356              $C$DW$39        .dwtag  DW_TAG_TI_assign_register
     357                      .dwattr $C$DW$39, DW_AT_name("XAR2")
     358                      .dwattr $C$DW$39, DW_AT_location[DW_OP_reg9]
     359              
     360              $C$DW$40        .dwtag  DW_TAG_TI_assign_register
     361                      .dwattr $C$DW$40, DW_AT_name("AR3")
     362                      .dwattr $C$DW$40, DW_AT_location[DW_OP_reg10]
     363              
     364              $C$DW$41        .dwtag  DW_TAG_TI_assign_register
     365                      .dwattr $C$DW$41, DW_AT_name("XAR3")
     366                      .dwattr $C$DW$41, DW_AT_location[DW_OP_reg11]
     367              
     368              $C$DW$42        .dwtag  DW_TAG_TI_assign_register
     369                      .dwattr $C$DW$42, DW_AT_name("AR4")
     370                      .dwattr $C$DW$42, DW_AT_location[DW_OP_reg12]
     371              
     372              $C$DW$43        .dwtag  DW_TAG_TI_assign_register
     373                      .dwattr $C$DW$43, DW_AT_name("XAR4")
     374                      .dwattr $C$DW$43, DW_AT_location[DW_OP_reg13]
     375              
     376              $C$DW$44        .dwtag  DW_TAG_TI_assign_register
     377                      .dwattr $C$DW$44, DW_AT_name("AR5")
     378                      .dwattr $C$DW$44, DW_AT_location[DW_OP_reg14]
     379              
     380              $C$DW$45        .dwtag  DW_TAG_TI_assign_register
     381                      .dwattr $C$DW$45, DW_AT_name("XAR5")
     382                      .dwattr $C$DW$45, DW_AT_location[DW_OP_reg15]
     383              
     384              $C$DW$46        .dwtag  DW_TAG_TI_assign_register
     385                      .dwattr $C$DW$46, DW_AT_name("AR6")
TMS320C2000 Assembler PC v16.9.6 Tue Mar 06 18:34:38 2018

Tools Copyright (c) 1996-2017 Texas Instruments Incorporated
C:\Users\Admin\AppData\Local\Temp\{8D003EC8-919A-4D52-91FF-15D39CC48B34} PAGE    8

     386                      .dwattr $C$DW$46, DW_AT_location[DW_OP_reg16]
     387              
     388              $C$DW$47        .dwtag  DW_TAG_TI_assign_register
     389                      .dwattr $C$DW$47, DW_AT_name("XAR6")
     390                      .dwattr $C$DW$47, DW_AT_location[DW_OP_reg17]
     391              
     392              $C$DW$48        .dwtag  DW_TAG_TI_assign_register
     393                      .dwattr $C$DW$48, DW_AT_name("AR7")
     394                      .dwattr $C$DW$48, DW_AT_location[DW_OP_reg18]
     395              
     396              $C$DW$49        .dwtag  DW_TAG_TI_assign_register
     397                      .dwattr $C$DW$49, DW_AT_name("XAR7")
     398                      .dwattr $C$DW$49, DW_AT_location[DW_OP_reg19]
     399              
     400                      .dwendtag $C$DW$CU
     401              

No Assembly Errors, No Assembly Warnings
